[00:21:28] [main/INFO] (FabricLoader/GameProvider) Loading Minecraft 1.21.11 with Fabric Loader 0.18.1
[00:21:28] [main/DEBUG] (FabricLoader/GamePatch) Found game constructor: net.minecraft.client.main.Main -> net.minecraft.client.Minecraft
[00:21:28] [main/DEBUG] (FabricLoader/GamePatch) Patching game constructor <init>(Lnet/minecraft/client/main/GameConfig;)V
[00:21:28] [main/DEBUG] (FabricLoader/GamePatch) Run directory field is thought to be net/minecraft/client/Minecraft/gameDirectory
[00:21:28] [main/DEBUG] (FabricLoader/GamePatch) Applying brand name hook to net/minecraft/client/ClientBrandRetriever::getClientModName
[00:21:28] [main/DEBUG] (FabricLoader/GamePatch) Applying brand name hook to net/minecraft/server/MinecraftServer::getServerModName
[00:21:28] [main/DEBUG] (FabricLoader/GamePatch) Patched 3 classs
[00:21:28] [main/DEBUG] (FabricLoader/Discovery) Mod discovery time: 15.7 ms
[00:21:28] [main/WARN] (FabricLoader/Resolution) Mod resolution failed
[00:21:28] [main/INFO] (FabricLoader/Resolution) Immediate reason: [HARD_DEP glowdar 2.0.1+1.21.11 {depends mcef @ [*]}, HARD_DEP_NO_CANDIDATE mcef 2.2.0 {depends fabricloader @ [>=0.18.3]}, ROOT_FORCELOAD_SINGLE glowdar 2.0.1+1.21.11]
[00:21:28] [main/INFO] (FabricLoader/Resolution) Reason: [HARD_DEP mcef 2.2.0 {depends fabricloader @ [>=0.18.3]}]
[00:21:28] [main/INFO] (FabricLoader/Resolution) Fix: add [], remove [], replace [[fabricloader 0.18.1] -> add:fabricloader 0.18.3 ([[0.18.3,∞)])]
[00:21:28] [main/ERROR] (FabricLoader) Incompatible mods found!
net.fabricmc.loader.impl.FormattedException: Some of your mods are incompatible with the game or each other!
A potential solution has been determined, this may resolve your problem:
	 - Replace mod 'Fabric Loader' (fabricloader) 0.18.1 with version 0.18.3 or later.
More details:
	 - Mod 'MCEF (Minecraft Chromium Embedded Framework)' (mcef) 2.2.0 requires version 0.18.3 or later of mod 'Fabric Loader' (fabricloader), but only the wrong version is present: 0.18.1!
	at net.fabricmc.loader.impl.FormattedException.ofLocalized(FormattedException.java:51)
	at net.fabricmc.loader.impl.FabricLoaderImpl.load(FabricLoaderImpl.java:202)
	at net.fabricmc.loader.impl.launch.knot.Knot.init(Knot.java:142)
	at net.fabricmc.loader.impl.launch.knot.Knot.launch(Knot.java:66)
	at net.fabricmc.loader.impl.launch.knot.KnotClient.main(KnotClient.java:23)
	at net.fabricmc.devlaunchinjector.Main.main(Main.java:86)
