[05:59:24] [main/INFO] (FabricLoader/GameProvider) Loading Minecraft 1.21.11 with Fabric Loader 0.18.1
[05:59:24] [main/INFO] (FabricLoader) Loading 51 mods:
	- fabric-api 0.141.3+1.21.11
	- fabric-api-base 1.0.5+4ebb5c083e
	- fabric-api-lookup-api-v1 1.6.114+20dc27073e
	- fabric-biome-api-v1 17.1.1+4fc5413f3e
	- fabric-block-api-v1 1.1.10+4ebb5c083e
	- fabric-block-view-api-v2 1.0.39+4ebb5c083e
	- fabric-client-gametest-api-v1 4.3.5+bfe9fcf43e
	- fabric-command-api-v2 2.4.7+6b42a6003e
	- fabric-content-registries-v0 10.2.14+4fc5413f3e
	- fabric-convention-tags-v1 2.1.55+7f945d5b3e
	- fabric-convention-tags-v2 2.17.3+8ef948ba3e
	- fabric-crash-report-info-v1 0.3.23+4ebb5c083e
	- fabric-data-attachment-api-v1 1.8.47+eed0806f3e
	- fabric-data-generation-api-v1 23.4.0+69974c4e3e
	- fabric-dimensions-v1 4.0.28+4fc5413f3e
	- fabric-entity-events-v1 3.1.1+1d0ab4303e
	- fabric-events-interaction-v0 4.1.0+3b89ecf63e
	- fabric-game-rule-api-v1 2.0.3+4fc5413f3e
	- fabric-gametest-api-v1 3.1.27+4fc5413f3e
	- fabric-item-api-v1 11.5.20+d0c46b9e3e
	- fabric-item-group-api-v1 4.2.36+4fc5413f3e
	- fabric-key-binding-api-v1 1.1.7+4fc5413f3e
	- fabric-lifecycle-events-v1 2.6.15+4ebb5c083e
	- fabric-loot-api-v2 3.0.73+3f89f5a53e
	- fabric-loot-api-v3 2.0.20+78c8b4663e
	- fabric-message-api-v1 6.1.12+4ebb5c083e
	- fabric-model-loading-api-v1 6.0.15+4fc5413f3e
	- fabric-networking-api-v1 5.1.5+ae1e07683e
	- fabric-object-builder-api-v1 21.1.39+4fc5413f3e
	- fabric-particles-v1 4.2.11+4fc5413f3e
	- fabric-recipe-api-v1 8.2.3+4ebb5c083e
	- fabric-registry-sync-v0 6.2.5+1718722b3e
	- fabric-renderer-api-v1 8.0.3+f4ffd2e53e
	- fabric-renderer-indigo 5.0.3+f4ffd2e53e
	- fabric-rendering-fluids-v1 3.1.43+4ebb5c083e
	- fabric-rendering-v1 16.2.10+0290ad933e
	- fabric-resource-conditions-api-v1 5.0.35+4fc5413f3e
	- fabric-resource-loader-v0 3.3.4+4fc5413f3e
	- fabric-resource-loader-v1 1.0.10+78c8b4663e
	- fabric-screen-api-v1 3.1.7+4ebb5c083e
	- fabric-screen-handler-api-v1 1.3.161+4fc5413f3e
	- fabric-serialization-api-v1 1.0.5+4ebb5c083e
	- fabric-sound-api-v1 1.0.51+4fc5413f3e
	- fabric-tag-api-v1 1.2.20+4fc5413f3e
	- fabric-transfer-api-v1 6.0.25+4fc5413f3e
	- fabric-transitive-access-wideners-v1 7.1.0+014c8cec3e
	- fabricloader 0.18.1
	- glowmod 1.0.0
	- java 21
	- minecraft 1.21.11
	- mixinextras 0.5.0
[05:59:24] [main/INFO] (FabricLoader/Mixin) SpongePowered MIXIN Subsystem Version=0.8.7 Source=file:/Users/chris/.gradle/caches/modules-2/files-2.1/net.fabricmc/sponge-mixin/0.16.5+mixin.0.8.7/80fc3a9f592673cea87f4cd702f87991c6c9fe4d/sponge-mixin-0.16.5+mixin.0.8.7.jar Service=Knot/Fabric Env=CLIENT
[05:59:24] [main/INFO] (FabricLoader/Mixin) Loaded Fabric development mappings for mixin remapper!
[05:59:24] [main/INFO] (FabricLoader/Mixin) Compatibility level set to JAVA_21
[05:59:25] [main/INFO] (FabricLoader/MixinExtras|Service) Initializing MixinExtras via com.llamalad7.mixinextras.service.MixinExtrasServiceImpl(version=0.5.0).
[05:59:25] [Datafixer Bootstrap/INFO] (Minecraft) 287 Datafixer optimizations took 222 milliseconds
[05:59:28] [Render thread/INFO] (Minecraft) Environment: Environment[sessionHost=https://sessionserver.mojang.com, servicesHost=https://api.minecraftservices.com, profilesHost=https://api.mojang.com, name=PROD]
[05:59:28] [Render thread/INFO] (Minecraft) Setting user: Player897
[05:59:28] [Render thread/INFO] (Indigo) [Indigo] Registering Indigo renderer!
[05:59:28] [Render thread/INFO] (Minecraft) Backend library: LWJGL version 3.3.4-snapshot
[05:59:28] [Render thread/WARN] (Minecraft) Detected unexpected shutdown during last game startup: resetting fullscreen mode
[05:59:28] [Download-2/ERROR] (Minecraft) Failed to fetch user properties
com.mojang.authlib.exceptions.InvalidCredentialsException: Status: 401
	at knot//com.mojang.authlib.exceptions.MinecraftClientHttpException.toAuthenticationException(MinecraftClientHttpException.java:59)
	at knot//com.mojang.authlib.yggdrasil.YggdrasilUserApiService.fetchProperties(YggdrasilUserApiService.java:150)
	at knot//net.minecraft.client.Minecraft.method_55608(Minecraft.java:457)
	at java.base/java.util.concurrent.CompletableFuture$AsyncSupply.run(CompletableFuture.java:1768)
	at java.base/java.util.concurrent.ThreadPoolExecutor.runWorker(ThreadPoolExecutor.java:1144)
	at java.base/java.util.concurrent.ThreadPoolExecutor$Worker.run(ThreadPoolExecutor.java:642)
	at java.base/java.lang.Thread.run(Thread.java:1583)
Caused by: com.mojang.authlib.exceptions.MinecraftClientHttpException: Status: 401
	at knot//com.mojang.authlib.minecraft.client.MinecraftClient.readInputStream(MinecraftClient.java:103)
	at knot//com.mojang.authlib.minecraft.client.MinecraftClient.get(MinecraftClient.java:56)
	at knot//com.mojang.authlib.yggdrasil.YggdrasilUserApiService.fetchProperties(YggdrasilUserApiService.java:121)
	... 5 more
[05:59:28] [Render thread/INFO] (Minecraft) Using optional rendering extensions: GL_EXT_texture_filter_anisotropic
[05:59:29] [Render thread/INFO] (Minecraft) Reloading ResourceManager: vanilla, fabric-api, fabric-api-base, fabric-api-lookup-api-v1, fabric-biome-api-v1, fabric-block-api-v1, fabric-block-view-api-v2, fabric-client-gametest-api-v1, fabric-command-api-v2, fabric-content-registries-v0, fabric-convention-tags-v1, fabric-convention-tags-v2, fabric-crash-report-info-v1, fabric-data-attachment-api-v1, fabric-data-generation-api-v1, fabric-dimensions-v1, fabric-entity-events-v1, fabric-events-interaction-v0, fabric-game-rule-api-v1, fabric-gametest-api-v1, fabric-item-api-v1, fabric-item-group-api-v1, fabric-key-binding-api-v1, fabric-lifecycle-events-v1, fabric-loot-api-v2, fabric-loot-api-v3, fabric-message-api-v1, fabric-model-loading-api-v1, fabric-networking-api-v1, fabric-object-builder-api-v1, fabric-particles-v1, fabric-recipe-api-v1, fabric-registry-sync-v0, fabric-renderer-api-v1, fabric-renderer-indigo, fabric-rendering-fluids-v1, fabric-rendering-v1, fabric-resource-conditions-api-v1, fabric-resource-loader-v0, fabric-resource-loader-v1, fabric-screen-api-v1, fabric-screen-handler-api-v1, fabric-serialization-api-v1, fabric-sound-api-v1, fabric-tag-api-v1, fabric-transfer-api-v1, fabric-transitive-access-wideners-v1, fabricloader, glowmod
[05:59:29] [Download-1/INFO] (Minecraft) Could not authorize you against Realms server: java.lang.RuntimeException: Failed to parse into SignedJWT: FabricMC
[05:59:29] [Download-1/ERROR] (Minecraft) Failed to fetch Realms feature flags
com.mojang.realmsclient.exception.RealmsServiceException: Realms authentication error with message 'java.lang.RuntimeException: Failed to parse into SignedJWT: FabricMC'
	at knot//com.mojang.realmsclient.client.RealmsClient.execute(RealmsClient.java:526)
	at knot//com.mojang.realmsclient.client.RealmsClient.fetchFeatureFlags(RealmsClient.java:186)
	at java.base/java.util.concurrent.CompletableFuture$AsyncSupply.run(CompletableFuture.java:1768)
	at java.base/java.util.concurrent.ThreadPoolExecutor.runWorker(ThreadPoolExecutor.java:1144)
	at java.base/java.util.concurrent.ThreadPoolExecutor$Worker.run(ThreadPoolExecutor.java:642)
	at java.base/java.lang.Thread.run(Thread.java:1583)
[05:59:29] [Worker-Main-4/INFO] (Minecraft) Found unifont_all_no_pua-17.0.01.hex, loading
[05:59:29] [Worker-Main-6/INFO] (Minecraft) Found unifont_pua-17.0.01.hex, loading
[05:59:29] [Worker-Main-4/INFO] (Minecraft) Found unifont_jp_patch-17.0.01.hex, loading
[05:59:30] [Render thread/INFO] (Minecraft) Info log when linking program containing VS minecraft:core/rendertype_beacon_beam and FS minecraft:core/rendertype_beacon_beam. Log output: WARNING: Could not find vertex shader attribute 'Normal' to match BindAttributeLocation request.
WARNING: Could not find vertex shader attribute 'UV2' to match BindAttributeLocation request.

[05:59:30] [Render thread/INFO] (Minecraft) Info log when linking program containing VS minecraft:core/rendertype_text_intensity_see_through and FS minecraft:core/rendertype_text_intensity_see_through. Log output: WARNING: Could not find vertex shader attribute 'UV2' to match BindAttributeLocation request.

[05:59:30] [Render thread/INFO] (Minecraft) Info log when linking program containing VS minecraft:core/terrain and FS minecraft:core/terrain. Log output: WARNING: Could not find vertex shader attribute 'Normal' to match BindAttributeLocation request.

[05:59:30] [Render thread/INFO] (Minecraft) Info log when linking program containing VS minecraft:core/entity and FS minecraft:core/entity. Log output: WARNING: Output of vertex shader 'overlayColor' not read by fragment shader

[05:59:30] [Render thread/INFO] (Minecraft) Info log when linking program containing VS minecraft:core/rendertype_entity_shadow and FS minecraft:core/rendertype_entity_shadow. Log output: WARNING: Could not find vertex shader attribute 'UV1' to match BindAttributeLocation request.
WARNING: Could not find vertex shader attribute 'Normal' to match BindAttributeLocation request.
WARNING: Could not find vertex shader attribute 'UV2' to match BindAttributeLocation request.

[05:59:30] [Render thread/INFO] (Minecraft) Info log when linking program containing VS minecraft:core/terrain and FS minecraft:core/terrain. Log output: WARNING: Could not find vertex shader attribute 'Normal' to match BindAttributeLocation request.

[05:59:30] [Render thread/INFO] (Minecraft) Info log when linking program containing VS minecraft:core/animate_sprite and FS minecraft:core/animate_sprite_blit. Log output: WARNING: Output of vertex shader 'fAnimationProgress' not read by fragment shader

[05:59:30] [Render thread/INFO] (Minecraft) Info log when linking program containing VS minecraft:core/rendertype_text_background_see_through and FS minecraft:core/rendertype_text_background_see_through. Log output: WARNING: Could not find vertex shader attribute 'UV2' to match BindAttributeLocation request.

[05:59:30] [Render thread/INFO] (Minecraft) Info log when linking program containing VS minecraft:core/rendertype_item_entity_translucent_cull and FS minecraft:core/rendertype_item_entity_translucent_cull. Log output: WARNING: Output of vertex shader 'texCoord1' not read by fragment shader
WARNING: Output of vertex shader 'texCoord2' not read by fragment shader

[05:59:30] [Render thread/INFO] (Minecraft) Info log when linking program containing VS minecraft:core/block and FS minecraft:core/block. Log output: WARNING: Could not find vertex shader attribute 'Normal' to match BindAttributeLocation request.

[05:59:30] [Render thread/INFO] (Minecraft) Info log when linking program containing VS minecraft:core/rendertype_translucent_moving_block and FS minecraft:core/rendertype_translucent_moving_block. Log output: WARNING: Could not find vertex shader attribute 'Normal' to match BindAttributeLocation request.

[05:59:30] [Render thread/INFO] (Minecraft) Info log when linking program containing VS minecraft:core/rendertype_crumbling and FS minecraft:core/rendertype_crumbling. Log output: WARNING: Could not find vertex shader attribute 'Normal' to match BindAttributeLocation request.
WARNING: Output of vertex shader 'texCoord2' not read by fragment shader

[05:59:30] [Render thread/INFO] (Minecraft) Info log when linking program containing VS minecraft:core/entity and FS minecraft:core/entity. Log output: WARNING: Could not find vertex shader attribute 'Normal' to match BindAttributeLocation request.
WARNING: Could not find vertex shader attribute 'UV2' to match BindAttributeLocation request.
WARNING: Output of vertex shader 'overlayColor' not read by fragment shader

[05:59:30] [Render thread/INFO] (Minecraft) Info log when linking program containing VS minecraft:core/terrain and FS minecraft:core/terrain. Log output: WARNING: Could not find vertex shader attribute 'Normal' to match BindAttributeLocation request.

[05:59:30] [Render thread/INFO] (Minecraft) Info log when linking program containing VS minecraft:core/terrain and FS minecraft:core/terrain. Log output: WARNING: Could not find vertex shader attribute 'Normal' to match BindAttributeLocation request.

[05:59:30] [Render thread/INFO] (Minecraft) Info log when linking program containing VS minecraft:core/entity and FS minecraft:core/entity. Log output: WARNING: Could not find vertex shader attribute 'Normal' to match BindAttributeLocation request.
WARNING: Output of vertex shader 'overlayColor' not read by fragment shader

[05:59:30] [Render thread/INFO] (Minecraft) Info log when linking program containing VS minecraft:core/block and FS minecraft:core/block. Log output: WARNING: Could not find vertex shader attribute 'Normal' to match BindAttributeLocation request.

[05:59:30] [Render thread/INFO] (Minecraft) Info log when linking program containing VS minecraft:core/entity and FS minecraft:core/entity. Log output: WARNING: Could not find vertex shader attribute 'UV2' to match BindAttributeLocation request.

[05:59:30] [Render thread/INFO] (Minecraft) Info log when linking program containing VS minecraft:core/block and FS minecraft:core/block. Log output: WARNING: Could not find vertex shader attribute 'Normal' to match BindAttributeLocation request.

[05:59:30] [Render thread/INFO] (Minecraft) Info log when linking program containing VS minecraft:core/terrain and FS minecraft:core/terrain. Log output: WARNING: Could not find vertex shader attribute 'Normal' to match BindAttributeLocation request.

[05:59:30] [Render thread/INFO] (Minecraft) Info log when linking program containing VS minecraft:core/entity and FS minecraft:core/entity. Log output: WARNING: Output of vertex shader 'overlayColor' not read by fragment shader

[05:59:30] [Render thread/INFO] (Minecraft) Info log when linking program containing VS minecraft:core/rendertype_text_see_through and FS minecraft:core/rendertype_text_see_through. Log output: WARNING: Could not find vertex shader attribute 'UV2' to match BindAttributeLocation request.

[05:59:30] [Render thread/INFO] (Minecraft) Info log when linking program containing VS minecraft:core/rendertype_beacon_beam and FS minecraft:core/rendertype_beacon_beam. Log output: WARNING: Could not find vertex shader attribute 'Normal' to match BindAttributeLocation request.
WARNING: Could not find vertex shader attribute 'UV2' to match BindAttributeLocation request.

[05:59:30] [Render thread/INFO] (Minecraft) Info log when linking program containing VS minecraft:core/entity and FS minecraft:core/entity. Log output: WARNING: Could not find vertex shader attribute 'Normal' to match BindAttributeLocation request.
WARNING: Could not find vertex shader attribute 'UV2' to match BindAttributeLocation request.
WARNING: Output of vertex shader 'overlayColor' not read by fragment shader

[05:59:30] [Render thread/INFO] (Minecraft) Info log when linking program containing VS minecraft:core/entity and FS minecraft:core/entity. Log output: WARNING: Output of vertex shader 'overlayColor' not read by fragment shader

[05:59:30] [Render thread/INFO] (Minecraft) Info log when linking program containing VS minecraft:core/rendertype_entity_alpha and FS minecraft:core/rendertype_entity_alpha. Log output: WARNING: Could not find vertex shader attribute 'Normal' to match BindAttributeLocation request.
WARNING: Output of vertex shader 'texCoord1' not read by fragment shader
WARNING: Output of vertex shader 'texCoord2' not read by fragment shader

[05:59:30] [Render thread/INFO] (Minecraft) Info log when linking program containing VS minecraft:core/entity and FS minecraft:core/entity. Log output: WARNING: Output of vertex shader 'overlayColor' not read by fragment shader

[05:59:32] [Render thread/INFO] (Minecraft) OpenAL initialized on device Crusher ANC 2
[05:59:32] [Render thread/INFO] (Minecraft) Sound engine started
[05:59:32] [Render thread/INFO] (Minecraft) Created: 512x256x0 minecraft:textures/atlas/particles.png-atlas
[05:59:32] [Render thread/INFO] (Minecraft) Created: 128x128x0 minecraft:textures/atlas/decorated_pot.png-atlas
[05:59:32] [Render thread/INFO] (Minecraft) Created: 2048x1024x0 minecraft:textures/atlas/armor_trims.png-atlas
[05:59:32] [Render thread/INFO] (Minecraft) Created: 512x256x0 minecraft:textures/atlas/paintings.png-atlas
[05:59:32] [Render thread/INFO] (Minecraft) Created: 1024x512x0 minecraft:textures/atlas/shield_patterns.png-atlas
[05:59:32] [Render thread/INFO] (Minecraft) Created: 2048x2048x4 minecraft:textures/atlas/blocks.png-atlas
[05:59:32] [Render thread/INFO] (Minecraft) Created: 512x512x0 minecraft:textures/atlas/chest.png-atlas
[05:59:32] [Render thread/INFO] (Minecraft) Created: 256x128x0 minecraft:textures/atlas/celestials.png-atlas
[05:59:32] [Render thread/INFO] (Minecraft) Created: 1024x512x0 minecraft:textures/atlas/banner_patterns.png-atlas
[05:59:32] [Render thread/INFO] (Minecraft) Created: 512x512x0 minecraft:textures/atlas/beds.png-atlas
[05:59:32] [Render thread/INFO] (Minecraft) Created: 1024x512x0 minecraft:textures/atlas/items.png-atlas
[05:59:32] [Render thread/INFO] (Minecraft) Created: 1024x1024x0 minecraft:textures/atlas/gui.png-atlas
[05:59:32] [Render thread/INFO] (Minecraft) Created: 128x64x0 minecraft:textures/atlas/map_decorations.png-atlas
[05:59:32] [Render thread/INFO] (Minecraft) Created: 512x256x0 minecraft:textures/atlas/signs.png-atlas
[05:59:32] [Render thread/INFO] (Minecraft) Created: 512x512x0 minecraft:textures/atlas/shulker_boxes.png-atlas
[05:59:32] [IO-Worker-1/INFO] (Minecraft) Could not authorize you against Realms server: java.lang.RuntimeException: Failed to parse into SignedJWT: FabricMC
[05:59:32] [IO-Worker-1/ERROR] (Minecraft) Couldn't connect to realms
com.mojang.realmsclient.exception.RealmsServiceException: Realms authentication error with message 'java.lang.RuntimeException: Failed to parse into SignedJWT: FabricMC'
	at knot//com.mojang.realmsclient.client.RealmsClient.execute(RealmsClient.java:526)
	at knot//com.mojang.realmsclient.client.RealmsClient.clientCompatible(RealmsClient.java:307)
	at knot//com.mojang.realmsclient.RealmsAvailability.method_52627(RealmsAvailability.java:48)
	at java.base/java.util.concurrent.CompletableFuture$AsyncSupply.run(CompletableFuture.java:1768)
	at java.base/java.util.concurrent.ThreadPoolExecutor.runWorker(ThreadPoolExecutor.java:1144)
	at java.base/java.util.concurrent.ThreadPoolExecutor$Worker.run(ThreadPoolExecutor.java:642)
	at java.base/java.lang.Thread.run(Thread.java:1583)
[05:59:36] [Render thread/INFO] (Minecraft) Loaded 1470 recipes
[05:59:36] [Render thread/INFO] (Minecraft) Loaded 1584 advancements
[05:59:36] [Render thread/INFO] (BiomeModificationImpl) Applied 0 biome modifications to 0 of 65 new biomes in 503.5 μs
[05:59:36] [Server thread/INFO] (Minecraft) Starting integrated minecraft server version 1.21.11
[05:59:36] [Server thread/INFO] (Minecraft) Generating keypair
[05:59:36] [Server thread/INFO] (Minecraft) Loading 0 persistent chunks...
[05:59:37] [Server thread/INFO] (Minecraft) Loading 49 chunks for player spawn...
[05:59:37] [Server thread/INFO] (Minecraft) Preparing spawn area: 16%
[05:59:37] [Server thread/INFO] (Minecraft) Preparing spawn area: 16%
[05:59:37] [Server thread/INFO] (Minecraft) Preparing spawn area: 16%
[05:59:37] [Server thread/INFO] (Minecraft) Time elapsed: 1212 ms
[05:59:37] [Server thread/INFO] (Minecraft) Player897[local:E:055fcc12] logged in with entity id 70 at (168.5, 71.0, -535.5)
[05:59:37] [Server thread/INFO] (Minecraft) Player897 joined the game
[05:59:38] [Render thread/INFO] (Minecraft) Loaded 2 advancements
[05:59:38] [Server thread/INFO] (Minecraft) Changing simulation distance to 8, from 0
[05:59:38] [Render thread/INFO] (Minecraft) Resizing Dynamic Transforms UBO, capacity limit of 2 reached during a single frame. New capacity will be 4.
[05:59:38] [Render thread/INFO] (Minecraft) Resizing Dynamic Transforms UBO, capacity limit of 4 reached during a single frame. New capacity will be 8.
[05:59:38] [Render thread/INFO] (Minecraft) Resizing Chunk Sections UBO, capacity limit of 2 reached during a single frame. New capacity will be 8.
[05:59:38] [Render thread/INFO] (Minecraft) Resizing Chunk Sections UBO, capacity limit of 8 reached during a single frame. New capacity will be 16.
[05:59:38] [Render thread/INFO] (Minecraft) Resizing Chunk Sections UBO, capacity limit of 16 reached during a single frame. New capacity will be 32.
[05:59:38] [Render thread/INFO] (Minecraft) Resizing Chunk Sections UBO, capacity limit of 32 reached during a single frame. New capacity will be 64.
[05:59:38] [Render thread/INFO] (Minecraft) Resizing Chunk Sections UBO, capacity limit of 64 reached during a single frame. New capacity will be 128.
[05:59:39] [Render thread/INFO] (Minecraft) Resizing Chunk Sections UBO, capacity limit of 128 reached during a single frame. New capacity will be 256.
[05:59:40] [Render thread/INFO] (Minecraft) Resizing Chunk Sections UBO, capacity limit of 256 reached during a single frame. New capacity will be 512.
[05:59:41] [IO-Worker-4/ERROR] (Minecraft) Caught exception in thread Thread[#72,IO-Worker-4,10,main]
java.lang.NoSuchMethodError: 'int org.lwjgl.stb.STBImageResize.nstbir_resize_uint8(long, int, int, int, long, int, int, int, int)'
	at knot//com.mojang.blaze3d.platform.NativeImage.resizeSubRectTo(NativeImage.java:458)
	at knot//net.minecraft.client.renderer.GameRenderer.method_3181(GameRenderer.java:680)
	at java.base/java.util.concurrent.ThreadPoolExecutor.runWorker(ThreadPoolExecutor.java:1144)
	at java.base/java.util.concurrent.ThreadPoolExecutor$Worker.run(ThreadPoolExecutor.java:642)
	at java.base/java.lang.Thread.run(Thread.java:1583)
[05:59:42] [IO-Worker-3/ERROR] (Minecraft) Caught exception in thread Thread[#71,IO-Worker-3,10,main]
java.lang.NoSuchMethodError: 'int org.lwjgl.stb.STBImageResize.nstbir_resize_uint8(long, int, int, int, long, int, int, int, int)'
	at knot//com.mojang.blaze3d.platform.NativeImage.resizeSubRectTo(NativeImage.java:458)
	at knot//net.minecraft.client.renderer.GameRenderer.method_3181(GameRenderer.java:680)
	at java.base/java.util.concurrent.ThreadPoolExecutor.runWorker(ThreadPoolExecutor.java:1144)
	at java.base/java.util.concurrent.ThreadPoolExecutor$Worker.run(ThreadPoolExecutor.java:642)
	at java.base/java.lang.Thread.run(Thread.java:1583)
[05:59:43] [IO-Worker-9/ERROR] (Minecraft) Caught exception in thread Thread[#78,IO-Worker-9,10,main]
java.lang.NoSuchMethodError: 'int org.lwjgl.stb.STBImageResize.nstbir_resize_uint8(long, int, int, int, long, int, int, int, int)'
	at knot//com.mojang.blaze3d.platform.NativeImage.resizeSubRectTo(NativeImage.java:458)
	at knot//net.minecraft.client.renderer.GameRenderer.method_3181(GameRenderer.java:680)
	at java.base/java.util.concurrent.ThreadPoolExecutor.runWorker(ThreadPoolExecutor.java:1144)
	at java.base/java.util.concurrent.ThreadPoolExecutor$Worker.run(ThreadPoolExecutor.java:642)
	at java.base/java.lang.Thread.run(Thread.java:1583)
[05:59:44] [IO-Worker-10/ERROR] (Minecraft) Caught exception in thread Thread[#79,IO-Worker-10,10,main]
java.lang.NoSuchMethodError: 'int org.lwjgl.stb.STBImageResize.nstbir_resize_uint8(long, int, int, int, long, int, int, int, int)'
	at knot//com.mojang.blaze3d.platform.NativeImage.resizeSubRectTo(NativeImage.java:458)
	at knot//net.minecraft.client.renderer.GameRenderer.method_3181(GameRenderer.java:680)
	at java.base/java.util.concurrent.ThreadPoolExecutor.runWorker(ThreadPoolExecutor.java:1144)
	at java.base/java.util.concurrent.ThreadPoolExecutor$Worker.run(ThreadPoolExecutor.java:642)
	at java.base/java.lang.Thread.run(Thread.java:1583)
[05:59:45] [IO-Worker-11/ERROR] (Minecraft) Caught exception in thread Thread[#80,IO-Worker-11,10,main]
java.lang.NoSuchMethodError: 'int org.lwjgl.stb.STBImageResize.nstbir_resize_uint8(long, int, int, int, long, int, int, int, int)'
	at knot//com.mojang.blaze3d.platform.NativeImage.resizeSubRectTo(NativeImage.java:458)
	at knot//net.minecraft.client.renderer.GameRenderer.method_3181(GameRenderer.java:680)
	at java.base/java.util.concurrent.ThreadPoolExecutor.runWorker(ThreadPoolExecutor.java:1144)
	at java.base/java.util.concurrent.ThreadPoolExecutor$Worker.run(ThreadPoolExecutor.java:642)
	at java.base/java.lang.Thread.run(Thread.java:1583)
[05:59:46] [IO-Worker-12/ERROR] (Minecraft) Caught exception in thread Thread[#81,IO-Worker-12,10,main]
java.lang.NoSuchMethodError: 'int org.lwjgl.stb.STBImageResize.nstbir_resize_uint8(long, int, int, int, long, int, int, int, int)'
	at knot//com.mojang.blaze3d.platform.NativeImage.resizeSubRectTo(NativeImage.java:458)
	at knot//net.minecraft.client.renderer.GameRenderer.method_3181(GameRenderer.java:680)
	at java.base/java.util.concurrent.ThreadPoolExecutor.runWorker(ThreadPoolExecutor.java:1144)
	at java.base/java.util.concurrent.ThreadPoolExecutor$Worker.run(ThreadPoolExecutor.java:642)
	at java.base/java.lang.Thread.run(Thread.java:1583)
[05:59:48] [IO-Worker-7/ERROR] (Minecraft) Caught exception in thread Thread[#76,IO-Worker-7,10,main]
java.lang.NoSuchMethodError: 'int org.lwjgl.stb.STBImageResize.nstbir_resize_uint8(long, int, int, int, long, int, int, int, int)'
	at knot//com.mojang.blaze3d.platform.NativeImage.resizeSubRectTo(NativeImage.java:458)
	at knot//net.minecraft.client.renderer.GameRenderer.method_3181(GameRenderer.java:680)
	at java.base/java.util.concurrent.ThreadPoolExecutor.runWorker(ThreadPoolExecutor.java:1144)
	at java.base/java.util.concurrent.ThreadPoolExecutor$Worker.run(ThreadPoolExecutor.java:642)
	at java.base/java.lang.Thread.run(Thread.java:1583)
[05:59:48] [Render thread/INFO] (Minecraft) Resizing Dynamic Transforms UBO, capacity limit of 8 reached during a single frame. New capacity will be 16.
[05:59:49] [IO-Worker-14/ERROR] (Minecraft) Caught exception in thread Thread[#83,IO-Worker-14,10,main]
java.lang.NoSuchMethodError: 'int org.lwjgl.stb.STBImageResize.nstbir_resize_uint8(long, int, int, int, long, int, int, int, int)'
	at knot//com.mojang.blaze3d.platform.NativeImage.resizeSubRectTo(NativeImage.java:458)
	at knot//net.minecraft.client.renderer.GameRenderer.method_3181(GameRenderer.java:680)
	at java.base/java.util.concurrent.ThreadPoolExecutor.runWorker(ThreadPoolExecutor.java:1144)
	at java.base/java.util.concurrent.ThreadPoolExecutor$Worker.run(ThreadPoolExecutor.java:642)
	at java.base/java.lang.Thread.run(Thread.java:1583)
[05:59:50] [IO-Worker-15/ERROR] (Minecraft) Caught exception in thread Thread[#84,IO-Worker-15,10,main]
java.lang.NoSuchMethodError: 'int org.lwjgl.stb.STBImageResize.nstbir_resize_uint8(long, int, int, int, long, int, int, int, int)'
	at knot//com.mojang.blaze3d.platform.NativeImage.resizeSubRectTo(NativeImage.java:458)
	at knot//net.minecraft.client.renderer.GameRenderer.method_3181(GameRenderer.java:680)
	at java.base/java.util.concurrent.ThreadPoolExecutor.runWorker(ThreadPoolExecutor.java:1144)
	at java.base/java.util.concurrent.ThreadPoolExecutor$Worker.run(ThreadPoolExecutor.java:642)
	at java.base/java.lang.Thread.run(Thread.java:1583)
[05:59:51] [Server thread/INFO] (Minecraft) Player897 was slain by Drowned
[05:59:51] [Render thread/INFO] (Minecraft) [System] [CHAT] Player897 was slain by Drowned
[05:59:51] [Render thread/INFO] (Minecraft) Loaded 41 advancements
[05:59:52] [IO-Worker-8/ERROR] (Minecraft) Caught exception in thread Thread[#77,IO-Worker-8,10,main]
java.lang.NoSuchMethodError: 'int org.lwjgl.stb.STBImageResize.nstbir_resize_uint8(long, int, int, int, long, int, int, int, int)'
	at knot//com.mojang.blaze3d.platform.NativeImage.resizeSubRectTo(NativeImage.java:458)
	at knot//net.minecraft.client.renderer.GameRenderer.method_3181(GameRenderer.java:680)
	at java.base/java.util.concurrent.ThreadPoolExecutor.runWorker(ThreadPoolExecutor.java:1144)
	at java.base/java.util.concurrent.ThreadPoolExecutor$Worker.run(ThreadPoolExecutor.java:642)
	at java.base/java.lang.Thread.run(Thread.java:1583)
[05:59:53] [IO-Worker-17/ERROR] (Minecraft) Caught exception in thread Thread[#86,IO-Worker-17,10,main]
java.lang.NoSuchMethodError: 'int org.lwjgl.stb.STBImageResize.nstbir_resize_uint8(long, int, int, int, long, int, int, int, int)'
	at knot//com.mojang.blaze3d.platform.NativeImage.resizeSubRectTo(NativeImage.java:458)
	at knot//net.minecraft.client.renderer.GameRenderer.method_3181(GameRenderer.java:680)
	at java.base/java.util.concurrent.ThreadPoolExecutor.runWorker(ThreadPoolExecutor.java:1144)
	at java.base/java.util.concurrent.ThreadPoolExecutor$Worker.run(ThreadPoolExecutor.java:642)
	at java.base/java.lang.Thread.run(Thread.java:1583)
[05:59:54] [IO-Worker-18/ERROR] (Minecraft) Caught exception in thread Thread[#87,IO-Worker-18,10,main]
java.lang.NoSuchMethodError: 'int org.lwjgl.stb.STBImageResize.nstbir_resize_uint8(long, int, int, int, long, int, int, int, int)'
	at knot//com.mojang.blaze3d.platform.NativeImage.resizeSubRectTo(NativeImage.java:458)
	at knot//net.minecraft.client.renderer.GameRenderer.method_3181(GameRenderer.java:680)
	at java.base/java.util.concurrent.ThreadPoolExecutor.runWorker(ThreadPoolExecutor.java:1144)
	at java.base/java.util.concurrent.ThreadPoolExecutor$Worker.run(ThreadPoolExecutor.java:642)
	at java.base/java.lang.Thread.run(Thread.java:1583)
[05:59:55] [IO-Worker-19/ERROR] (Minecraft) Caught exception in thread Thread[#88,IO-Worker-19,10,main]
java.lang.NoSuchMethodError: 'int org.lwjgl.stb.STBImageResize.nstbir_resize_uint8(long, int, int, int, long, int, int, int, int)'
	at knot//com.mojang.blaze3d.platform.NativeImage.resizeSubRectTo(NativeImage.java:458)
	at knot//net.minecraft.client.renderer.GameRenderer.method_3181(GameRenderer.java:680)
	at java.base/java.util.concurrent.ThreadPoolExecutor.runWorker(ThreadPoolExecutor.java:1144)
	at java.base/java.util.concurrent.ThreadPoolExecutor$Worker.run(ThreadPoolExecutor.java:642)
	at java.base/java.lang.Thread.run(Thread.java:1583)
[05:59:56] [IO-Worker-20/ERROR] (Minecraft) Caught exception in thread Thread[#89,IO-Worker-20,10,main]
java.lang.NoSuchMethodError: 'int org.lwjgl.stb.STBImageResize.nstbir_resize_uint8(long, int, int, int, long, int, int, int, int)'
	at knot//com.mojang.blaze3d.platform.NativeImage.resizeSubRectTo(NativeImage.java:458)
	at knot//net.minecraft.client.renderer.GameRenderer.method_3181(GameRenderer.java:680)
	at java.base/java.util.concurrent.ThreadPoolExecutor.runWorker(ThreadPoolExecutor.java:1144)
	at java.base/java.util.concurrent.ThreadPoolExecutor$Worker.run(ThreadPoolExecutor.java:642)
	at java.base/java.lang.Thread.run(Thread.java:1583)
[05:59:57] [IO-Worker-21/ERROR] (Minecraft) Caught exception in thread Thread[#90,IO-Worker-21,10,main]
java.lang.NoSuchMethodError: 'int org.lwjgl.stb.STBImageResize.nstbir_resize_uint8(long, int, int, int, long, int, int, int, int)'
	at knot//com.mojang.blaze3d.platform.NativeImage.resizeSubRectTo(NativeImage.java:458)
	at knot//net.minecraft.client.renderer.GameRenderer.method_3181(GameRenderer.java:680)
	at java.base/java.util.concurrent.ThreadPoolExecutor.runWorker(ThreadPoolExecutor.java:1144)
	at java.base/java.util.concurrent.ThreadPoolExecutor$Worker.run(ThreadPoolExecutor.java:642)
	at java.base/java.lang.Thread.run(Thread.java:1583)
[05:59:58] [IO-Worker-22/ERROR] (Minecraft) Caught exception in thread Thread[#91,IO-Worker-22,10,main]
java.lang.NoSuchMethodError: 'int org.lwjgl.stb.STBImageResize.nstbir_resize_uint8(long, int, int, int, long, int, int, int, int)'
	at knot//com.mojang.blaze3d.platform.NativeImage.resizeSubRectTo(NativeImage.java:458)
	at knot//net.minecraft.client.renderer.GameRenderer.method_3181(GameRenderer.java:680)
	at java.base/java.util.concurrent.ThreadPoolExecutor.runWorker(ThreadPoolExecutor.java:1144)
	at java.base/java.util.concurrent.ThreadPoolExecutor$Worker.run(ThreadPoolExecutor.java:642)
	at java.base/java.lang.Thread.run(Thread.java:1583)
[05:59:59] [IO-Worker-23/ERROR] (Minecraft) Caught exception in thread Thread[#92,IO-Worker-23,10,main]
java.lang.NoSuchMethodError: 'int org.lwjgl.stb.STBImageResize.nstbir_resize_uint8(long, int, int, int, long, int, int, int, int)'
	at knot//com.mojang.blaze3d.platform.NativeImage.resizeSubRectTo(NativeImage.java:458)
	at knot//net.minecraft.client.renderer.GameRenderer.method_3181(GameRenderer.java:680)
	at java.base/java.util.concurrent.ThreadPoolExecutor.runWorker(ThreadPoolExecutor.java:1144)
	at java.base/java.util.concurrent.ThreadPoolExecutor$Worker.run(ThreadPoolExecutor.java:642)
	at java.base/java.lang.Thread.run(Thread.java:1583)
[06:00:00] [IO-Worker-24/ERROR] (Minecraft) Caught exception in thread Thread[#93,IO-Worker-24,10,main]
java.lang.NoSuchMethodError: 'int org.lwjgl.stb.STBImageResize.nstbir_resize_uint8(long, int, int, int, long, int, int, int, int)'
	at knot//com.mojang.blaze3d.platform.NativeImage.resizeSubRectTo(NativeImage.java:458)
	at knot//net.minecraft.client.renderer.GameRenderer.method_3181(GameRenderer.java:680)
	at java.base/java.util.concurrent.ThreadPoolExecutor.runWorker(ThreadPoolExecutor.java:1144)
	at java.base/java.util.concurrent.ThreadPoolExecutor$Worker.run(ThreadPoolExecutor.java:642)
	at java.base/java.lang.Thread.run(Thread.java:1583)
[06:00:01] [IO-Worker-25/ERROR] (Minecraft) Caught exception in thread Thread[#94,IO-Worker-25,10,main]
java.lang.NoSuchMethodError: 'int org.lwjgl.stb.STBImageResize.nstbir_resize_uint8(long, int, int, int, long, int, int, int, int)'
	at knot//com.mojang.blaze3d.platform.NativeImage.resizeSubRectTo(NativeImage.java:458)
	at knot//net.minecraft.client.renderer.GameRenderer.method_3181(GameRenderer.java:680)
	at java.base/java.util.concurrent.ThreadPoolExecutor.runWorker(ThreadPoolExecutor.java:1144)
	at java.base/java.util.concurrent.ThreadPoolExecutor$Worker.run(ThreadPoolExecutor.java:642)
	at java.base/java.lang.Thread.run(Thread.java:1583)
[06:00:02] [IO-Worker-26/ERROR] (Minecraft) Caught exception in thread Thread[#95,IO-Worker-26,10,main]
java.lang.NoSuchMethodError: 'int org.lwjgl.stb.STBImageResize.nstbir_resize_uint8(long, int, int, int, long, int, int, int, int)'
	at knot//com.mojang.blaze3d.platform.NativeImage.resizeSubRectTo(NativeImage.java:458)
	at knot//net.minecraft.client.renderer.GameRenderer.method_3181(GameRenderer.java:680)
	at java.base/java.util.concurrent.ThreadPoolExecutor.runWorker(ThreadPoolExecutor.java:1144)
	at java.base/java.util.concurrent.ThreadPoolExecutor$Worker.run(ThreadPoolExecutor.java:642)
	at java.base/java.lang.Thread.run(Thread.java:1583)
[06:00:03] [IO-Worker-27/ERROR] (Minecraft) Caught exception in thread Thread[#96,IO-Worker-27,10,main]
java.lang.NoSuchMethodError: 'int org.lwjgl.stb.STBImageResize.nstbir_resize_uint8(long, int, int, int, long, int, int, int, int)'
	at knot//com.mojang.blaze3d.platform.NativeImage.resizeSubRectTo(NativeImage.java:458)
	at knot//net.minecraft.client.renderer.GameRenderer.method_3181(GameRenderer.java:680)
	at java.base/java.util.concurrent.ThreadPoolExecutor.runWorker(ThreadPoolExecutor.java:1144)
	at java.base/java.util.concurrent.ThreadPoolExecutor$Worker.run(ThreadPoolExecutor.java:642)
	at java.base/java.lang.Thread.run(Thread.java:1583)
[06:00:04] [IO-Worker-28/ERROR] (Minecraft) Caught exception in thread Thread[#97,IO-Worker-28,10,main]
java.lang.NoSuchMethodError: 'int org.lwjgl.stb.STBImageResize.nstbir_resize_uint8(long, int, int, int, long, int, int, int, int)'
	at knot//com.mojang.blaze3d.platform.NativeImage.resizeSubRectTo(NativeImage.java:458)
	at knot//net.minecraft.client.renderer.GameRenderer.method_3181(GameRenderer.java:680)
	at java.base/java.util.concurrent.ThreadPoolExecutor.runWorker(ThreadPoolExecutor.java:1144)
	at java.base/java.util.concurrent.ThreadPoolExecutor$Worker.run(ThreadPoolExecutor.java:642)
	at java.base/java.lang.Thread.run(Thread.java:1583)
[06:00:05] [IO-Worker-29/ERROR] (Minecraft) Caught exception in thread Thread[#98,IO-Worker-29,10,main]
java.lang.NoSuchMethodError: 'int org.lwjgl.stb.STBImageResize.nstbir_resize_uint8(long, int, int, int, long, int, int, int, int)'
	at knot//com.mojang.blaze3d.platform.NativeImage.resizeSubRectTo(NativeImage.java:458)
	at knot//net.minecraft.client.renderer.GameRenderer.method_3181(GameRenderer.java:680)
	at java.base/java.util.concurrent.ThreadPoolExecutor.runWorker(ThreadPoolExecutor.java:1144)
	at java.base/java.util.concurrent.ThreadPoolExecutor$Worker.run(ThreadPoolExecutor.java:642)
	at java.base/java.lang.Thread.run(Thread.java:1583)
[06:00:06] [IO-Worker-30/ERROR] (Minecraft) Caught exception in thread Thread[#99,IO-Worker-30,10,main]
java.lang.NoSuchMethodError: 'int org.lwjgl.stb.STBImageResize.nstbir_resize_uint8(long, int, int, int, long, int, int, int, int)'
	at knot//com.mojang.blaze3d.platform.NativeImage.resizeSubRectTo(NativeImage.java:458)
	at knot//net.minecraft.client.renderer.GameRenderer.method_3181(GameRenderer.java:680)
	at java.base/java.util.concurrent.ThreadPoolExecutor.runWorker(ThreadPoolExecutor.java:1144)
	at java.base/java.util.concurrent.ThreadPoolExecutor$Worker.run(ThreadPoolExecutor.java:642)
	at java.base/java.lang.Thread.run(Thread.java:1583)
[06:00:07] [IO-Worker-31/ERROR] (Minecraft) Caught exception in thread Thread[#100,IO-Worker-31,10,main]
java.lang.NoSuchMethodError: 'int org.lwjgl.stb.STBImageResize.nstbir_resize_uint8(long, int, int, int, long, int, int, int, int)'
	at knot//com.mojang.blaze3d.platform.NativeImage.resizeSubRectTo(NativeImage.java:458)
	at knot//net.minecraft.client.renderer.GameRenderer.method_3181(GameRenderer.java:680)
	at java.base/java.util.concurrent.ThreadPoolExecutor.runWorker(ThreadPoolExecutor.java:1144)
	at java.base/java.util.concurrent.ThreadPoolExecutor$Worker.run(ThreadPoolExecutor.java:642)
	at java.base/java.lang.Thread.run(Thread.java:1583)
[06:00:08] [IO-Worker-32/ERROR] (Minecraft) Caught exception in thread Thread[#101,IO-Worker-32,10,main]
java.lang.NoSuchMethodError: 'int org.lwjgl.stb.STBImageResize.nstbir_resize_uint8(long, int, int, int, long, int, int, int, int)'
	at knot//com.mojang.blaze3d.platform.NativeImage.resizeSubRectTo(NativeImage.java:458)
	at knot//net.minecraft.client.renderer.GameRenderer.method_3181(GameRenderer.java:680)
	at java.base/java.util.concurrent.ThreadPoolExecutor.runWorker(ThreadPoolExecutor.java:1144)
	at java.base/java.util.concurrent.ThreadPoolExecutor$Worker.run(ThreadPoolExecutor.java:642)
	at java.base/java.lang.Thread.run(Thread.java:1583)
[06:00:09] [IO-Worker-33/ERROR] (Minecraft) Caught exception in thread Thread[#102,IO-Worker-33,10,main]
java.lang.NoSuchMethodError: 'int org.lwjgl.stb.STBImageResize.nstbir_resize_uint8(long, int, int, int, long, int, int, int, int)'
	at knot//com.mojang.blaze3d.platform.NativeImage.resizeSubRectTo(NativeImage.java:458)
	at knot//net.minecraft.client.renderer.GameRenderer.method_3181(GameRenderer.java:680)
	at java.base/java.util.concurrent.ThreadPoolExecutor.runWorker(ThreadPoolExecutor.java:1144)
	at java.base/java.util.concurrent.ThreadPoolExecutor$Worker.run(ThreadPoolExecutor.java:642)
	at java.base/java.lang.Thread.run(Thread.java:1583)
[06:00:10] [IO-Worker-34/ERROR] (Minecraft) Caught exception in thread Thread[#103,IO-Worker-34,10,main]
java.lang.NoSuchMethodError: 'int org.lwjgl.stb.STBImageResize.nstbir_resize_uint8(long, int, int, int, long, int, int, int, int)'
	at knot//com.mojang.blaze3d.platform.NativeImage.resizeSubRectTo(NativeImage.java:458)
	at knot//net.minecraft.client.renderer.GameRenderer.method_3181(GameRenderer.java:680)
	at java.base/java.util.concurrent.ThreadPoolExecutor.runWorker(ThreadPoolExecutor.java:1144)
	at java.base/java.util.concurrent.ThreadPoolExecutor$Worker.run(ThreadPoolExecutor.java:642)
	at java.base/java.lang.Thread.run(Thread.java:1583)
[06:00:11] [IO-Worker-35/ERROR] (Minecraft) Caught exception in thread Thread[#104,IO-Worker-35,10,main]
java.lang.NoSuchMethodError: 'int org.lwjgl.stb.STBImageResize.nstbir_resize_uint8(long, int, int, int, long, int, int, int, int)'
	at knot//com.mojang.blaze3d.platform.NativeImage.resizeSubRectTo(NativeImage.java:458)
	at knot//net.minecraft.client.renderer.GameRenderer.method_3181(GameRenderer.java:680)
	at java.base/java.util.concurrent.ThreadPoolExecutor.runWorker(ThreadPoolExecutor.java:1144)
	at java.base/java.util.concurrent.ThreadPoolExecutor$Worker.run(ThreadPoolExecutor.java:642)
	at java.base/java.lang.Thread.run(Thread.java:1583)
[06:00:12] [IO-Worker-36/ERROR] (Minecraft) Caught exception in thread Thread[#105,IO-Worker-36,10,main]
java.lang.NoSuchMethodError: 'int org.lwjgl.stb.STBImageResize.nstbir_resize_uint8(long, int, int, int, long, int, int, int, int)'
	at knot//com.mojang.blaze3d.platform.NativeImage.resizeSubRectTo(NativeImage.java:458)
	at knot//net.minecraft.client.renderer.GameRenderer.method_3181(GameRenderer.java:680)
	at java.base/java.util.concurrent.ThreadPoolExecutor.runWorker(ThreadPoolExecutor.java:1144)
	at java.base/java.util.concurrent.ThreadPoolExecutor$Worker.run(ThreadPoolExecutor.java:642)
	at java.base/java.lang.Thread.run(Thread.java:1583)
[06:00:13] [IO-Worker-37/ERROR] (Minecraft) Caught exception in thread Thread[#106,IO-Worker-37,10,main]
java.lang.NoSuchMethodError: 'int org.lwjgl.stb.STBImageResize.nstbir_resize_uint8(long, int, int, int, long, int, int, int, int)'
	at knot//com.mojang.blaze3d.platform.NativeImage.resizeSubRectTo(NativeImage.java:458)
	at knot//net.minecraft.client.renderer.GameRenderer.method_3181(GameRenderer.java:680)
	at java.base/java.util.concurrent.ThreadPoolExecutor.runWorker(ThreadPoolExecutor.java:1144)
	at java.base/java.util.concurrent.ThreadPoolExecutor$Worker.run(ThreadPoolExecutor.java:642)
	at java.base/java.lang.Thread.run(Thread.java:1583)
[06:00:14] [IO-Worker-38/ERROR] (Minecraft) Caught exception in thread Thread[#107,IO-Worker-38,10,main]
java.lang.NoSuchMethodError: 'int org.lwjgl.stb.STBImageResize.nstbir_resize_uint8(long, int, int, int, long, int, int, int, int)'
	at knot//com.mojang.blaze3d.platform.NativeImage.resizeSubRectTo(NativeImage.java:458)
	at knot//net.minecraft.client.renderer.GameRenderer.method_3181(GameRenderer.java:680)
	at java.base/java.util.concurrent.ThreadPoolExecutor.runWorker(ThreadPoolExecutor.java:1144)
	at java.base/java.util.concurrent.ThreadPoolExecutor$Worker.run(ThreadPoolExecutor.java:642)
	at java.base/java.lang.Thread.run(Thread.java:1583)
[06:00:15] [IO-Worker-39/ERROR] (Minecraft) Caught exception in thread Thread[#108,IO-Worker-39,10,main]
java.lang.NoSuchMethodError: 'int org.lwjgl.stb.STBImageResize.nstbir_resize_uint8(long, int, int, int, long, int, int, int, int)'
	at knot//com.mojang.blaze3d.platform.NativeImage.resizeSubRectTo(NativeImage.java:458)
	at knot//net.minecraft.client.renderer.GameRenderer.method_3181(GameRenderer.java:680)
	at java.base/java.util.concurrent.ThreadPoolExecutor.runWorker(ThreadPoolExecutor.java:1144)
	at java.base/java.util.concurrent.ThreadPoolExecutor$Worker.run(ThreadPoolExecutor.java:642)
	at java.base/java.lang.Thread.run(Thread.java:1583)
[06:00:16] [IO-Worker-40/ERROR] (Minecraft) Caught exception in thread Thread[#109,IO-Worker-40,10,main]
java.lang.NoSuchMethodError: 'int org.lwjgl.stb.STBImageResize.nstbir_resize_uint8(long, int, int, int, long, int, int, int, int)'
	at knot//com.mojang.blaze3d.platform.NativeImage.resizeSubRectTo(NativeImage.java:458)
	at knot//net.minecraft.client.renderer.GameRenderer.method_3181(GameRenderer.java:680)
	at java.base/java.util.concurrent.ThreadPoolExecutor.runWorker(ThreadPoolExecutor.java:1144)
	at java.base/java.util.concurrent.ThreadPoolExecutor$Worker.run(ThreadPoolExecutor.java:642)
	at java.base/java.lang.Thread.run(Thread.java:1583)
[06:00:17] [IO-Worker-41/ERROR] (Minecraft) Caught exception in thread Thread[#110,IO-Worker-41,10,main]
java.lang.NoSuchMethodError: 'int org.lwjgl.stb.STBImageResize.nstbir_resize_uint8(long, int, int, int, long, int, int, int, int)'
	at knot//com.mojang.blaze3d.platform.NativeImage.resizeSubRectTo(NativeImage.java:458)
	at knot//net.minecraft.client.renderer.GameRenderer.method_3181(GameRenderer.java:680)
	at java.base/java.util.concurrent.ThreadPoolExecutor.runWorker(ThreadPoolExecutor.java:1144)
	at java.base/java.util.concurrent.ThreadPoolExecutor$Worker.run(ThreadPoolExecutor.java:642)
	at java.base/java.lang.Thread.run(Thread.java:1583)
[06:00:18] [IO-Worker-42/ERROR] (Minecraft) Caught exception in thread Thread[#111,IO-Worker-42,10,main]
java.lang.NoSuchMethodError: 'int org.lwjgl.stb.STBImageResize.nstbir_resize_uint8(long, int, int, int, long, int, int, int, int)'
	at knot//com.mojang.blaze3d.platform.NativeImage.resizeSubRectTo(NativeImage.java:458)
	at knot//net.minecraft.client.renderer.GameRenderer.method_3181(GameRenderer.java:680)
	at java.base/java.util.concurrent.ThreadPoolExecutor.runWorker(ThreadPoolExecutor.java:1144)
	at java.base/java.util.concurrent.ThreadPoolExecutor$Worker.run(ThreadPoolExecutor.java:642)
	at java.base/java.lang.Thread.run(Thread.java:1583)
[06:00:19] [IO-Worker-43/ERROR] (Minecraft) Caught exception in thread Thread[#112,IO-Worker-43,10,main]
java.lang.NoSuchMethodError: 'int org.lwjgl.stb.STBImageResize.nstbir_resize_uint8(long, int, int, int, long, int, int, int, int)'
	at knot//com.mojang.blaze3d.platform.NativeImage.resizeSubRectTo(NativeImage.java:458)
	at knot//net.minecraft.client.renderer.GameRenderer.method_3181(GameRenderer.java:680)
	at java.base/java.util.concurrent.ThreadPoolExecutor.runWorker(ThreadPoolExecutor.java:1144)
	at java.base/java.util.concurrent.ThreadPoolExecutor$Worker.run(ThreadPoolExecutor.java:642)
	at java.base/java.lang.Thread.run(Thread.java:1583)
[06:00:20] [IO-Worker-44/ERROR] (Minecraft) Caught exception in thread Thread[#113,IO-Worker-44,10,main]
java.lang.NoSuchMethodError: 'int org.lwjgl.stb.STBImageResize.nstbir_resize_uint8(long, int, int, int, long, int, int, int, int)'
	at knot//com.mojang.blaze3d.platform.NativeImage.resizeSubRectTo(NativeImage.java:458)
	at knot//net.minecraft.client.renderer.GameRenderer.method_3181(GameRenderer.java:680)
	at java.base/java.util.concurrent.ThreadPoolExecutor.runWorker(ThreadPoolExecutor.java:1144)
	at java.base/java.util.concurrent.ThreadPoolExecutor$Worker.run(ThreadPoolExecutor.java:642)
	at java.base/java.lang.Thread.run(Thread.java:1583)
[06:00:21] [IO-Worker-45/ERROR] (Minecraft) Caught exception in thread Thread[#114,IO-Worker-45,10,main]
java.lang.NoSuchMethodError: 'int org.lwjgl.stb.STBImageResize.nstbir_resize_uint8(long, int, int, int, long, int, int, int, int)'
	at knot//com.mojang.blaze3d.platform.NativeImage.resizeSubRectTo(NativeImage.java:458)
	at knot//net.minecraft.client.renderer.GameRenderer.method_3181(GameRenderer.java:680)
	at java.base/java.util.concurrent.ThreadPoolExecutor.runWorker(ThreadPoolExecutor.java:1144)
	at java.base/java.util.concurrent.ThreadPoolExecutor$Worker.run(ThreadPoolExecutor.java:642)
	at java.base/java.lang.Thread.run(Thread.java:1583)
[06:00:22] [IO-Worker-46/ERROR] (Minecraft) Caught exception in thread Thread[#115,IO-Worker-46,10,main]
java.lang.NoSuchMethodError: 'int org.lwjgl.stb.STBImageResize.nstbir_resize_uint8(long, int, int, int, long, int, int, int, int)'
	at knot//com.mojang.blaze3d.platform.NativeImage.resizeSubRectTo(NativeImage.java:458)
	at knot//net.minecraft.client.renderer.GameRenderer.method_3181(GameRenderer.java:680)
	at java.base/java.util.concurrent.ThreadPoolExecutor.runWorker(ThreadPoolExecutor.java:1144)
	at java.base/java.util.concurrent.ThreadPoolExecutor$Worker.run(ThreadPoolExecutor.java:642)
	at java.base/java.lang.Thread.run(Thread.java:1583)
[06:00:23] [IO-Worker-47/ERROR] (Minecraft) Caught exception in thread Thread[#116,IO-Worker-47,10,main]
java.lang.NoSuchMethodError: 'int org.lwjgl.stb.STBImageResize.nstbir_resize_uint8(long, int, int, int, long, int, int, int, int)'
	at knot//com.mojang.blaze3d.platform.NativeImage.resizeSubRectTo(NativeImage.java:458)
	at knot//net.minecraft.client.renderer.GameRenderer.method_3181(GameRenderer.java:680)
	at java.base/java.util.concurrent.ThreadPoolExecutor.runWorker(ThreadPoolExecutor.java:1144)
	at java.base/java.util.concurrent.ThreadPoolExecutor$Worker.run(ThreadPoolExecutor.java:642)
	at java.base/java.lang.Thread.run(Thread.java:1583)
[06:00:24] [IO-Worker-48/ERROR] (Minecraft) Caught exception in thread Thread[#117,IO-Worker-48,10,main]
java.lang.NoSuchMethodError: 'int org.lwjgl.stb.STBImageResize.nstbir_resize_uint8(long, int, int, int, long, int, int, int, int)'
	at knot//com.mojang.blaze3d.platform.NativeImage.resizeSubRectTo(NativeImage.java:458)
	at knot//net.minecraft.client.renderer.GameRenderer.method_3181(GameRenderer.java:680)
	at java.base/java.util.concurrent.ThreadPoolExecutor.runWorker(ThreadPoolExecutor.java:1144)
	at java.base/java.util.concurrent.ThreadPoolExecutor$Worker.run(ThreadPoolExecutor.java:642)
	at java.base/java.lang.Thread.run(Thread.java:1583)
[06:00:25] [IO-Worker-49/ERROR] (Minecraft) Caught exception in thread Thread[#118,IO-Worker-49,10,main]
java.lang.NoSuchMethodError: 'int org.lwjgl.stb.STBImageResize.nstbir_resize_uint8(long, int, int, int, long, int, int, int, int)'
	at knot//com.mojang.blaze3d.platform.NativeImage.resizeSubRectTo(NativeImage.java:458)
	at knot//net.minecraft.client.renderer.GameRenderer.method_3181(GameRenderer.java:680)
	at java.base/java.util.concurrent.ThreadPoolExecutor.runWorker(ThreadPoolExecutor.java:1144)
	at java.base/java.util.concurrent.ThreadPoolExecutor$Worker.run(ThreadPoolExecutor.java:642)
	at java.base/java.lang.Thread.run(Thread.java:1583)
[06:00:26] [IO-Worker-50/ERROR] (Minecraft) Caught exception in thread Thread[#119,IO-Worker-50,10,main]
java.lang.NoSuchMethodError: 'int org.lwjgl.stb.STBImageResize.nstbir_resize_uint8(long, int, int, int, long, int, int, int, int)'
	at knot//com.mojang.blaze3d.platform.NativeImage.resizeSubRectTo(NativeImage.java:458)
	at knot//net.minecraft.client.renderer.GameRenderer.method_3181(GameRenderer.java:680)
	at java.base/java.util.concurrent.ThreadPoolExecutor.runWorker(ThreadPoolExecutor.java:1144)
	at java.base/java.util.concurrent.ThreadPoolExecutor$Worker.run(ThreadPoolExecutor.java:642)
	at java.base/java.lang.Thread.run(Thread.java:1583)
[06:00:27] [IO-Worker-51/ERROR] (Minecraft) Caught exception in thread Thread[#120,IO-Worker-51,10,main]
java.lang.NoSuchMethodError: 'int org.lwjgl.stb.STBImageResize.nstbir_resize_uint8(long, int, int, int, long, int, int, int, int)'
	at knot//com.mojang.blaze3d.platform.NativeImage.resizeSubRectTo(NativeImage.java:458)
	at knot//net.minecraft.client.renderer.GameRenderer.method_3181(GameRenderer.java:680)
	at java.base/java.util.concurrent.ThreadPoolExecutor.runWorker(ThreadPoolExecutor.java:1144)
	at java.base/java.util.concurrent.ThreadPoolExecutor$Worker.run(ThreadPoolExecutor.java:642)
	at java.base/java.lang.Thread.run(Thread.java:1583)
[06:00:28] [IO-Worker-52/ERROR] (Minecraft) Caught exception in thread Thread[#121,IO-Worker-52,10,main]
java.lang.NoSuchMethodError: 'int org.lwjgl.stb.STBImageResize.nstbir_resize_uint8(long, int, int, int, long, int, int, int, int)'
	at knot//com.mojang.blaze3d.platform.NativeImage.resizeSubRectTo(NativeImage.java:458)
	at knot//net.minecraft.client.renderer.GameRenderer.method_3181(GameRenderer.java:680)
	at java.base/java.util.concurrent.ThreadPoolExecutor.runWorker(ThreadPoolExecutor.java:1144)
	at java.base/java.util.concurrent.ThreadPoolExecutor$Worker.run(ThreadPoolExecutor.java:642)
	at java.base/java.lang.Thread.run(Thread.java:1583)
[06:00:29] [IO-Worker-53/ERROR] (Minecraft) Caught exception in thread Thread[#122,IO-Worker-53,10,main]
java.lang.NoSuchMethodError: 'int org.lwjgl.stb.STBImageResize.nstbir_resize_uint8(long, int, int, int, long, int, int, int, int)'
	at knot//com.mojang.blaze3d.platform.NativeImage.resizeSubRectTo(NativeImage.java:458)
	at knot//net.minecraft.client.renderer.GameRenderer.method_3181(GameRenderer.java:680)
	at java.base/java.util.concurrent.ThreadPoolExecutor.runWorker(ThreadPoolExecutor.java:1144)
	at java.base/java.util.concurrent.ThreadPoolExecutor$Worker.run(ThreadPoolExecutor.java:642)
	at java.base/java.lang.Thread.run(Thread.java:1583)
